{"level":"INFO","ts":"2025-04-06T21:09:09.146+0300","caller":"api/api.go:83","msg":"Server has started","addr":":8080"}
{"level":"WARN","ts":"2025-04-06T21:09:45.959+0300","caller":"api/errors.go:20","msg":"not found response","method":"GET","path":"/v1/directory-pool","error":"no directory is in the pool"}
{"level":"WARN","ts":"2025-04-06T21:10:52.951+0300","caller":"api/errors.go:20","msg":"not found response","method":"POST","path":"/v1/directory-pool","error":"json: unknown field \"search_request\""}
{"level":"WARN","ts":"2025-04-06T21:11:59.809+0300","caller":"api/errors.go:20","msg":"not found response","method":"POST","path":"/v1/directory-pool","error":"json: unknown field \"search_request\""}
{"level":"INFO","ts":"2025-04-06T21:12:07.418+0300","caller":"api/api.go:75","msg":"signal caught","signal":"interrupt"}
{"level":"INFO","ts":"2025-04-06T21:12:07.420+0300","caller":"api/api.go:95","msg":"server has stopped","addr":":8080"}
{"level":"FATAL","ts":"2025-04-06T21:12:07.420+0300","caller":"api/main.go:41","msg":"server error","stacktrace":"main.main\n\tC:/Users/raula/Desktop/facultate/anul 3 sem 1/Software Engineering/Golang/BruteForce_SearchEnginer/manager/cmd/api/main.go:41\nruntime.main\n\tC:/Program Files/Go/src/runtime/proc.go:272"}
{"level":"INFO","ts":"2025-04-06T21:12:09.845+0300","caller":"api/api.go:83","msg":"Server has started","addr":":8080"}
{"level":"WARN","ts":"2025-04-06T21:12:14.374+0300","caller":"api/errors.go:20","msg":"not found response","method":"POST","path":"/v1/directory-pool","error":"json: unknown field \"search_request\""}
{"level":"INFO","ts":"2025-04-06T21:12:51.119+0300","caller":"api/api.go:75","msg":"signal caught","signal":"interrupt"}
{"level":"INFO","ts":"2025-04-06T21:12:51.120+0300","caller":"api/api.go:95","msg":"server has stopped","addr":":8080"}
{"level":"FATAL","ts":"2025-04-06T21:12:51.121+0300","caller":"api/main.go:41","msg":"server error","stacktrace":"main.main\n\tC:/Users/raula/Desktop/facultate/anul 3 sem 1/Software Engineering/Golang/BruteForce_SearchEnginer/manager/cmd/api/main.go:41\nruntime.main\n\tC:/Program Files/Go/src/runtime/proc.go:272"}
{"level":"INFO","ts":"2025-04-06T21:12:53.143+0300","caller":"api/api.go:83","msg":"Server has started","addr":":8080"}
{"level":"WARN","ts":"2025-04-06T21:13:10.212+0300","caller":"api/errors.go:20","msg":"not found response","method":"GET","path":"/v1/directory-pool","error":"no directory is in the pool"}
{"level":"INFO","ts":"2025-04-06T21:23:03.557+0300","caller":"api/api.go:75","msg":"signal caught","signal":"interrupt"}
{"level":"INFO","ts":"2025-04-06T21:23:03.557+0300","caller":"api/api.go:95","msg":"server has stopped","addr":":8080"}
{"level":"FATAL","ts":"2025-04-06T21:23:03.557+0300","caller":"api/main.go:41","msg":"server error","stacktrace":"main.main\n\tC:/Users/raula/Desktop/facultate/anul 3 sem 1/Software Engineering/Golang/BruteForce_SearchEnginer/manager/cmd/api/main.go:41\nruntime.main\n\tC:/Program Files/Go/src/runtime/proc.go:272"}
{"level":"INFO","ts":"2025-04-06T21:23:06.744+0300","caller":"api/api.go:83","msg":"Server has started","addr":":8080"}
{"level":"INFO","ts":"2025-04-06T21:28:53.873+0300","caller":"api/api.go:75","msg":"signal caught","signal":"interrupt"}
{"level":"FATAL","ts":"2025-04-06T21:28:58.874+0300","caller":"api/main.go:41","msg":"server error","error":"context deadline exceeded","stacktrace":"main.main\n\tC:/Users/raula/Desktop/facultate/anul 3 sem 1/Software Engineering/Golang/BruteForce_SearchEnginer/manager/cmd/api/main.go:41\nruntime.main\n\tC:/Program Files/Go/src/runtime/proc.go:272"}
{"level":"INFO","ts":"2025-04-06T21:29:06.888+0300","caller":"api/api.go:83","msg":"Server has started","addr":":8080"}
{"level":"WARN","ts":"2025-04-06T21:29:20.260+0300","caller":"api/errors.go:20","msg":"not found response","method":"GET","path":"/v1/directory-pool","error":"no directory is in the pool"}
{"level":"WARN","ts":"2025-04-06T21:35:57.751+0300","caller":"api/errors.go:20","msg":"not found response","method":"GET","path":"/v1/directory-pool","error":"no directory is in the pool"}
{"level":"WARN","ts":"2025-04-06T21:37:14.986+0300","caller":"api/errors.go:20","msg":"not found response","method":"GET","path":"/v1/directory-pool","error":"no directory is in the pool"}
{"level":"INFO","ts":"2025-04-06T21:51:51.872+0300","caller":"api/api.go:75","msg":"signal caught","signal":"interrupt"}
{"level":"INFO","ts":"2025-04-06T21:51:51.872+0300","caller":"api/api.go:95","msg":"server has stopped","addr":":8080"}
{"level":"FATAL","ts":"2025-04-06T21:51:51.872+0300","caller":"api/main.go:41","msg":"server error","stacktrace":"main.main\n\tC:/Users/raula/Desktop/facultate/anul 3 sem 1/Software Engineering/Golang/BruteForce_SearchEnginer/manager/cmd/api/main.go:41\nruntime.main\n\tC:/Program Files/Go/src/runtime/proc.go:272"}
{"level":"INFO","ts":"2025-04-06T21:51:54.675+0300","caller":"api/api.go:85","msg":"Server has started","addr":":8080"}
{"level":"INFO","ts":"2025-04-06T21:56:30.969+0300","caller":"api/api.go:77","msg":"signal caught","signal":"interrupt"}
{"level":"INFO","ts":"2025-04-06T21:56:30.969+0300","caller":"api/api.go:97","msg":"server has stopped","addr":":8080"}
{"level":"FATAL","ts":"2025-04-06T21:56:30.969+0300","caller":"api/main.go:41","msg":"server error","stacktrace":"main.main\n\tC:/Users/raula/Desktop/facultate/anul 3 sem 1/Software Engineering/Golang/BruteForce_SearchEnginer/manager/cmd/api/main.go:41\nruntime.main\n\tC:/Program Files/Go/src/runtime/proc.go:272"}
{"level":"INFO","ts":"2025-04-06T21:56:33.444+0300","caller":"api/api.go:85","msg":"Server has started","addr":":8080"}
{"level":"INFO","ts":"2025-04-06T21:58:46.357+0300","caller":"api/api.go:77","msg":"signal caught","signal":"interrupt"}
{"level":"INFO","ts":"2025-04-06T21:58:49.044+0300","caller":"api/api.go:97","msg":"server has stopped","addr":":8080"}
{"level":"FATAL","ts":"2025-04-06T21:58:49.044+0300","caller":"api/main.go:41","msg":"server error","stacktrace":"main.main\n\tC:/Users/raula/Desktop/facultate/anul 3 sem 1/Software Engineering/Golang/BruteForce_SearchEnginer/manager/cmd/api/main.go:41\nruntime.main\n\tC:/Program Files/Go/src/runtime/proc.go:272"}
{"level":"INFO","ts":"2025-04-06T21:58:52.125+0300","caller":"api/api.go:85","msg":"Server has started","addr":":8080"}
{"level":"INFO","ts":"2025-04-06T22:00:32.022+0300","caller":"api/api.go:77","msg":"signal caught","signal":"interrupt"}
{"level":"INFO","ts":"2025-04-06T22:00:32.022+0300","caller":"api/api.go:97","msg":"server has stopped","addr":":8080"}
{"level":"FATAL","ts":"2025-04-06T22:00:32.022+0300","caller":"api/main.go:41","msg":"server error","stacktrace":"main.main\n\tC:/Users/raula/Desktop/facultate/anul 3 sem 1/Software Engineering/Golang/BruteForce_SearchEnginer/manager/cmd/api/main.go:41\nruntime.main\n\tC:/Program Files/Go/src/runtime/proc.go:272"}
{"level":"INFO","ts":"2025-04-06T22:00:35.277+0300","caller":"api/api.go:85","msg":"Server has started","addr":":8080"}
{"level":"INFO","ts":"2025-04-06T22:02:16.774+0300","caller":"api/api.go:77","msg":"signal caught","signal":"interrupt"}
{"level":"INFO","ts":"2025-04-06T22:02:16.775+0300","caller":"api/api.go:97","msg":"server has stopped","addr":":8080"}
{"level":"FATAL","ts":"2025-04-06T22:02:16.775+0300","caller":"api/main.go:41","msg":"server error","stacktrace":"main.main\n\tC:/Users/raula/Desktop/facultate/anul 3 sem 1/Software Engineering/Golang/BruteForce_SearchEnginer/manager/cmd/api/main.go:41\nruntime.main\n\tC:/Program Files/Go/src/runtime/proc.go:272"}
{"level":"INFO","ts":"2025-04-06T22:02:19.548+0300","caller":"api/api.go:85","msg":"Server has started","addr":":8080"}
{"level":"INFO","ts":"2025-04-06T22:04:50.424+0300","caller":"api/api.go:77","msg":"signal caught","signal":"interrupt"}
{"level":"INFO","ts":"2025-04-06T22:04:50.424+0300","caller":"api/api.go:97","msg":"server has stopped","addr":":8080"}
{"level":"FATAL","ts":"2025-04-06T22:04:50.424+0300","caller":"api/main.go:41","msg":"server error","stacktrace":"main.main\n\tC:/Users/raula/Desktop/facultate/anul 3 sem 1/Software Engineering/Golang/BruteForce_SearchEnginer/manager/cmd/api/main.go:41\nruntime.main\n\tC:/Program Files/Go/src/runtime/proc.go:272"}
{"level":"INFO","ts":"2025-04-06T22:04:56.592+0300","caller":"api/api.go:85","msg":"Server has started","addr":":8080"}
{"level":"WARN","ts":"2025-04-06T22:05:09.132+0300","caller":"api/errors.go:20","msg":"not found response","method":"GET","path":"/v1/directory-pool","error":"no directory is in the pool"}
{"level":"INFO","ts":"2025-04-06T22:07:18.186+0300","caller":"api/api.go:77","msg":"signal caught","signal":"interrupt"}
{"level":"INFO","ts":"2025-04-06T22:07:18.186+0300","caller":"api/api.go:97","msg":"server has stopped","addr":":8080"}
{"level":"FATAL","ts":"2025-04-06T22:07:18.186+0300","caller":"api/main.go:41","msg":"server error","stacktrace":"main.main\n\tC:/Users/raula/Desktop/facultate/anul 3 sem 1/Software Engineering/Golang/BruteForce_SearchEnginer/manager/cmd/api/main.go:41\nruntime.main\n\tC:/Program Files/Go/src/runtime/proc.go:272"}
{"level":"INFO","ts":"2025-04-06T22:07:20.561+0300","caller":"api/api.go:85","msg":"Server has started","addr":":8080"}
{"level":"INFO","ts":"2025-04-06T22:10:30.312+0300","caller":"api/api.go:77","msg":"signal caught","signal":"interrupt"}
{"level":"INFO","ts":"2025-04-06T22:10:30.312+0300","caller":"api/api.go:97","msg":"server has stopped","addr":":8080"}
{"level":"FATAL","ts":"2025-04-06T22:10:30.312+0300","caller":"api/main.go:41","msg":"server error","stacktrace":"main.main\n\tC:/Users/raula/Desktop/facultate/anul 3 sem 1/Software Engineering/Golang/BruteForce_SearchEnginer/manager/cmd/api/main.go:41\nruntime.main\n\tC:/Program Files/Go/src/runtime/proc.go:272"}
{"level":"INFO","ts":"2025-04-06T22:10:33.421+0300","caller":"api/api.go:85","msg":"Server has started","addr":":8080"}
{"level":"ERROR","ts":"2025-04-06T22:10:38.432+0300","caller":"api/directory_pool.go:31","msg":"error sending ok response when empty directory pool","error":"http: request method or response status code does not allow body","stacktrace":"main.(*application).getDirectoryPoolHandler\n\tC:/Users/raula/Desktop/facultate/anul 3 sem 1/Software Engineering/Golang/BruteForce_SearchEnginer/manager/cmd/api/directory_pool.go:31\nnet/http.HandlerFunc.ServeHTTP\n\tC:/Program Files/Go/src/net/http/server.go:2220\ngithub.com/go-chi/chi/v5.(*Mux).routeHTTP\n\tC:/Users/raula/go/pkg/mod/github.com/go-chi/chi/v5@v5.2.1/mux.go:480\nnet/http.HandlerFunc.ServeHTTP\n\tC:/Program Files/Go/src/net/http/server.go:2220\ngithub.com/go-chi/chi/v5.(*Mux).ServeHTTP\n\tC:/Users/raula/go/pkg/mod/github.com/go-chi/chi/v5@v5.2.1/mux.go:73\ngithub.com/go-chi/chi/v5.(*Mux).Mount.func1\n\tC:/Users/raula/go/pkg/mod/github.com/go-chi/chi/v5@v5.2.1/mux.go:327\nnet/http.HandlerFunc.ServeHTTP\n\tC:/Program Files/Go/src/net/http/server.go:2220\ngithub.com/go-chi/chi/v5.(*Mux).routeHTTP\n\tC:/Users/raula/go/pkg/mod/github.com/go-chi/chi/v5@v5.2.1/mux.go:480\nnet/http.HandlerFunc.ServeHTTP\n\tC:/Program Files/Go/src/net/http/server.go:2220\nmain.(*application).mount.Timeout.func2.1\n\tC:/Users/raula/go/pkg/mod/github.com/go-chi/chi/v5@v5.2.1/middleware/timeout.go:44\nnet/http.HandlerFunc.ServeHTTP\n\tC:/Program Files/Go/src/net/http/server.go:2220\ngithub.com/go-chi/chi/v5/middleware.Recoverer.func1\n\tC:/Users/raula/go/pkg/mod/github.com/go-chi/chi/v5@v5.2.1/middleware/recoverer.go:45\nnet/http.HandlerFunc.ServeHTTP\n\tC:/Program Files/Go/src/net/http/server.go:2220\ngithub.com/go-chi/chi/v5/middleware.init.0.RequestLogger.func1.1\n\tC:/Users/raula/go/pkg/mod/github.com/go-chi/chi/v5@v5.2.1/middleware/logger.go:55\nnet/http.HandlerFunc.ServeHTTP\n\tC:/Program Files/Go/src/net/http/server.go:2220\ngithub.com/go-chi/chi/v5/middleware.RealIP.func1\n\tC:/Users/raula/go/pkg/mod/github.com/go-chi/chi/v5@v5.2.1/middleware/realip.go:36\nnet/http.HandlerFunc.ServeHTTP\n\tC:/Program Files/Go/src/net/http/server.go:2220\ngithub.com/go-chi/chi/v5/middleware.RequestID.func1\n\tC:/Users/raula/go/pkg/mod/github.com/go-chi/chi/v5@v5.2.1/middleware/request_id.go:76\nnet/http.HandlerFunc.ServeHTTP\n\tC:/Program Files/Go/src/net/http/server.go:2220\ngithub.com/go-chi/cors.(*Cors).Handler-fm.(*Cors).Handler.func1\n\tC:/Users/raula/go/pkg/mod/github.com/go-chi/cors@v1.2.1/cors.go:228\nnet/http.HandlerFunc.ServeHTTP\n\tC:/Program Files/Go/src/net/http/server.go:2220\ngithub.com/go-chi/chi/v5.(*Mux).ServeHTTP\n\tC:/Users/raula/go/pkg/mod/github.com/go-chi/chi/v5@v5.2.1/mux.go:90\nnet/http.serverHandler.ServeHTTP\n\tC:/Program Files/Go/src/net/http/server.go:3210\nnet/http.(*conn).serve\n\tC:/Program Files/Go/src/net/http/server.go:2092"}
{"level":"INFO","ts":"2025-04-06T22:13:30.556+0300","caller":"api/api.go:77","msg":"signal caught","signal":"interrupt"}
{"level":"INFO","ts":"2025-04-06T22:13:30.556+0300","caller":"api/api.go:97","msg":"server has stopped","addr":":8080"}
{"level":"FATAL","ts":"2025-04-06T22:13:30.556+0300","caller":"api/main.go:41","msg":"server error","stacktrace":"main.main\n\tC:/Users/raula/Desktop/facultate/anul 3 sem 1/Software Engineering/Golang/BruteForce_SearchEnginer/manager/cmd/api/main.go:41\nruntime.main\n\tC:/Program Files/Go/src/runtime/proc.go:272"}
{"level":"INFO","ts":"2025-04-06T23:53:13.090+0300","caller":"api/api.go:86","msg":"Server has started","addr":":8080"}
{"level":"INFO","ts":"2025-04-06T23:55:07.843+0300","caller":"api/api.go:77","msg":"signal caught","signal":"interrupt"}
{"level":"INFO","ts":"2025-04-06T23:55:07.843+0300","caller":"api/api.go:106","msg":"server has stopped","addr":":8080"}
{"level":"INFO","ts":"2025-04-06T23:55:27.355+0300","caller":"api/api.go:86","msg":"Server has started","addr":":8080"}
{"level":"INFO","ts":"2025-04-06T23:55:52.131+0300","caller":"api/api.go:77","msg":"signal caught","signal":"interrupt"}
{"level":"INFO","ts":"2025-04-06T23:55:52.131+0300","caller":"api/api.go:98","msg":"process manager started"}
{"level":"INFO","ts":"2025-04-06T23:55:52.131+0300","caller":"api/api.go:107","msg":"server has stopped","addr":":8080"}
{"level":"INFO","ts":"2025-04-06T23:56:23.696+0300","caller":"api/api.go:86","msg":"Server has started","addr":":8080"}
{"level":"INFO","ts":"2025-04-06T23:56:23.696+0300","caller":"api/api.go:100","msg":"process manager started"}
{"level":"INFO","ts":"2025-04-06T23:57:31.266+0300","caller":"api/api.go:86","msg":"Server has started","addr":":8080"}
{"level":"INFO","ts":"2025-04-06T23:57:31.266+0300","caller":"api/api.go:100","msg":"process manager started"}
{"level":"FATAL","ts":"2025-04-06T23:57:31.267+0300","caller":"api/main.go:46","msg":"server error","error":"listen tcp :8080: bind: Only one usage of each socket address (protocol/network address/port) is normally permitted.","stacktrace":"main.main\n\tC:/Users/raula/Desktop/facultate/anul 3 sem 1/Software Engineering/Golang/BruteForce_SearchEnginer/manager/cmd/api/main.go:46\nruntime.main\n\tC:/Program Files/Go/src/runtime/proc.go:272"}
{"level":"INFO","ts":"2025-04-06T23:58:51.515+0300","caller":"api/api.go:86","msg":"Server has started","addr":":8080"}
{"level":"INFO","ts":"2025-04-06T23:58:51.516+0300","caller":"api/api.go:100","msg":"process manager started"}
{"level":"FATAL","ts":"2025-04-06T23:58:51.516+0300","caller":"api/main.go:46","msg":"server error","error":"listen tcp :8080: bind: Only one usage of each socket address (protocol/network address/port) is normally permitted.","stacktrace":"main.main\n\tC:/Users/raula/Desktop/facultate/anul 3 sem 1/Software Engineering/Golang/BruteForce_SearchEnginer/manager/cmd/api/main.go:46\nruntime.main\n\tC:/Program Files/Go/src/runtime/proc.go:272"}
{"level":"INFO","ts":"2025-04-07T00:00:36.092+0300","caller":"api/api.go:86","msg":"Server has started","addr":":8080"}
{"level":"INFO","ts":"2025-04-07T00:00:36.092+0300","caller":"api/api.go:100","msg":"process manager started"}
{"level":"INFO","ts":"2025-04-07T00:01:49.637+0300","caller":"api/api.go:77","msg":"signal caught","signal":"interrupt"}
{"level":"INFO","ts":"2025-04-07T00:01:49.637+0300","caller":"api/api.go:109","msg":"server has stopped","addr":":8080"}
{"level":"INFO","ts":"2025-04-07T00:01:52.435+0300","caller":"api/api.go:86","msg":"Server has started","addr":":8080"}
{"level":"INFO","ts":"2025-04-07T00:01:52.436+0300","caller":"api/api.go:101","msg":"process manager started"}
{"level":"INFO","ts":"2025-04-07T00:05:48.086+0300","caller":"api/api.go:77","msg":"signal caught","signal":"interrupt"}
{"level":"INFO","ts":"2025-04-07T00:05:48.086+0300","caller":"api/api.go:110","msg":"server has stopped","addr":":8080"}
{"level":"INFO","ts":"2025-04-07T00:05:50.443+0300","caller":"api/api.go:86","msg":"Server has started","addr":":8080"}
{"level":"INFO","ts":"2025-04-07T00:05:50.443+0300","caller":"api/api.go:101","msg":"process manager started"}
{"level":"INFO","ts":"2025-04-07T00:09:39.745+0300","caller":"api/api.go:77","msg":"signal caught","signal":"interrupt"}
{"level":"INFO","ts":"2025-04-07T00:09:39.745+0300","caller":"api/api.go:110","msg":"server has stopped","addr":":8080"}
{"level":"INFO","ts":"2025-04-07T00:09:42.875+0300","caller":"api/api.go:86","msg":"Server has started","addr":":8080"}
{"level":"INFO","ts":"2025-04-07T00:09:42.876+0300","caller":"api/api.go:101","msg":"Process manager started"}
{"level":"INFO","ts":"2025-04-07T00:11:45.817+0300","caller":"api/api.go:77","msg":"signal caught","signal":"interrupt"}
{"level":"INFO","ts":"2025-04-07T00:11:45.817+0300","caller":"api/api.go:110","msg":"server has stopped","addr":":8080"}
{"level":"INFO","ts":"2025-04-07T00:12:18.708+0300","caller":"api/api.go:86","msg":"Server has started","addr":":8080"}
{"level":"INFO","ts":"2025-04-07T00:12:18.708+0300","caller":"api/api.go:101","msg":"Process manager started"}
{"level":"INFO","ts":"2025-04-07T00:12:53.319+0300","caller":"api/api.go:77","msg":"signal caught","signal":"interrupt"}
{"level":"INFO","ts":"2025-04-07T00:12:53.319+0300","caller":"api/api.go:110","msg":"server has stopped","addr":":8080"}
{"level":"INFO","ts":"2025-04-07T00:14:43.265+0300","caller":"api/api.go:86","msg":"Server has started","addr":":8080"}
{"level":"INFO","ts":"2025-04-07T00:14:43.266+0300","caller":"api/api.go:101","msg":"Process manager started"}
{"level":"INFO","ts":"2025-04-07T00:18:17.876+0300","caller":"api/api.go:77","msg":"signal caught","signal":"interrupt"}
{"level":"INFO","ts":"2025-04-07T00:18:17.876+0300","caller":"api/api.go:110","msg":"server has stopped","addr":":8080"}
{"level":"INFO","ts":"2025-04-07T00:19:55.483+0300","caller":"api/api.go:86","msg":"Server has started","addr":":8080"}
{"level":"INFO","ts":"2025-04-07T00:19:55.483+0300","caller":"api/api.go:101","msg":"Process manager started"}
{"level":"ERROR","ts":"2025-04-07T00:20:13.251+0300","caller":"api/directory_pool.go:31","msg":"error sending ok response when empty directory pool","error":"http: request method or response status code does not allow body","stacktrace":"main.(*application).getDirectoryPoolHandler\n\tC:/Users/raula/Desktop/facultate/anul 3 sem 1/Software Engineering/Golang/BruteForce_SearchEnginer/manager/cmd/api/directory_pool.go:31\nnet/http.HandlerFunc.ServeHTTP\n\tC:/Program Files/Go/src/net/http/server.go:2220\ngithub.com/go-chi/chi/v5.(*Mux).routeHTTP\n\tC:/Users/raula/go/pkg/mod/github.com/go-chi/chi/v5@v5.2.1/mux.go:480\nnet/http.HandlerFunc.ServeHTTP\n\tC:/Program Files/Go/src/net/http/server.go:2220\ngithub.com/go-chi/chi/v5.(*Mux).ServeHTTP\n\tC:/Users/raula/go/pkg/mod/github.com/go-chi/chi/v5@v5.2.1/mux.go:73\ngithub.com/go-chi/chi/v5.(*Mux).Mount.func1\n\tC:/Users/raula/go/pkg/mod/github.com/go-chi/chi/v5@v5.2.1/mux.go:327\nnet/http.HandlerFunc.ServeHTTP\n\tC:/Program Files/Go/src/net/http/server.go:2220\ngithub.com/go-chi/chi/v5.(*Mux).routeHTTP\n\tC:/Users/raula/go/pkg/mod/github.com/go-chi/chi/v5@v5.2.1/mux.go:480\nnet/http.HandlerFunc.ServeHTTP\n\tC:/Program Files/Go/src/net/http/server.go:2220\nmain.(*application).mount.Timeout.func2.1\n\tC:/Users/raula/go/pkg/mod/github.com/go-chi/chi/v5@v5.2.1/middleware/timeout.go:44\nnet/http.HandlerFunc.ServeHTTP\n\tC:/Program Files/Go/src/net/http/server.go:2220\ngithub.com/go-chi/chi/v5/middleware.Recoverer.func1\n\tC:/Users/raula/go/pkg/mod/github.com/go-chi/chi/v5@v5.2.1/middleware/recoverer.go:45\nnet/http.HandlerFunc.ServeHTTP\n\tC:/Program Files/Go/src/net/http/server.go:2220\ngithub.com/go-chi/chi/v5/middleware.init.0.RequestLogger.func1.1\n\tC:/Users/raula/go/pkg/mod/github.com/go-chi/chi/v5@v5.2.1/middleware/logger.go:55\nnet/http.HandlerFunc.ServeHTTP\n\tC:/Program Files/Go/src/net/http/server.go:2220\ngithub.com/go-chi/chi/v5/middleware.RealIP.func1\n\tC:/Users/raula/go/pkg/mod/github.com/go-chi/chi/v5@v5.2.1/middleware/realip.go:36\nnet/http.HandlerFunc.ServeHTTP\n\tC:/Program Files/Go/src/net/http/server.go:2220\ngithub.com/go-chi/chi/v5/middleware.RequestID.func1\n\tC:/Users/raula/go/pkg/mod/github.com/go-chi/chi/v5@v5.2.1/middleware/request_id.go:76\nnet/http.HandlerFunc.ServeHTTP\n\tC:/Program Files/Go/src/net/http/server.go:2220\ngithub.com/go-chi/cors.(*Cors).Handler-fm.(*Cors).Handler.func1\n\tC:/Users/raula/go/pkg/mod/github.com/go-chi/cors@v1.2.1/cors.go:228\nnet/http.HandlerFunc.ServeHTTP\n\tC:/Program Files/Go/src/net/http/server.go:2220\ngithub.com/go-chi/chi/v5.(*Mux).ServeHTTP\n\tC:/Users/raula/go/pkg/mod/github.com/go-chi/chi/v5@v5.2.1/mux.go:90\nnet/http.serverHandler.ServeHTTP\n\tC:/Program Files/Go/src/net/http/server.go:3210\nnet/http.(*conn).serve\n\tC:/Program Files/Go/src/net/http/server.go:2092"}
{"level":"INFO","ts":"2025-04-07T00:26:31.984+0300","caller":"api/api.go:77","msg":"signal caught","signal":"interrupt"}
{"level":"INFO","ts":"2025-04-07T00:26:31.984+0300","caller":"api/api.go:110","msg":"server has stopped","addr":":8080"}
